<?xml version="1.0" encoding="UTF-8" ?>
<testsuite tests="1" failures="0" name="runners.TestRuner" time="20.14" errors="1" skipped="0">
  <properties>
[...]
</properties>
  <testcase classname="items Mangments" name="As a user, I am able to creat an item or service. #2" time="20.14">
    <error message="Range [0, 2) out of bounds for length 0" type="java.lang.StringIndexOutOfBoundsException">java.lang.StringIndexOutOfBoundsException: Range [0, 2) out of bounds for length 0
	at java.base/jdk.internal.util.Preconditions$1.apply(Preconditions.java:55)
	at java.base/jdk.internal.util.Preconditions$1.apply(Preconditions.java:52)
	at java.base/jdk.internal.util.Preconditions$4.apply(Preconditions.java:213)
	at java.base/jdk.internal.util.Preconditions$4.apply(Preconditions.java:210)
	at java.base/jdk.internal.util.Preconditions.outOfBounds(Preconditions.java:98)
	at java.base/jdk.internal.util.Preconditions.outOfBoundsCheckFromToIndex(Preconditions.java:112)
	at java.base/jdk.internal.util.Preconditions.checkFromToIndex(Preconditions.java:349)
	at java.base/java.lang.String.checkBoundsBeginEnd(String.java:4608)
	at java.base/java.lang.String.substring(String.java:2720)
	at step_definitions.ItemsMangement.the_item_is_added_to_the_item_list_table(ItemsMangement.java:77)
	at ✽.The item is added to the item list table(file:///C:/Users/alija/OneDrive/Desktop/prime%20Tech/PrimetechJava/CreaterFinancialBatch6/./src/test/resources/features/ItemsManagmrnt.feature:23)
</error>
    <system-out>
@reqreation @update_items @smoke_test
Scenario: As a user, I am able to creat an item or service.                                            &amp;#27;[90m# src/test/resources/features/ItemsManagmrnt.feature:16&amp;#27;[0m
  &amp;#27;[32mGiven &amp;#27;[0m&amp;#27;[32mAs a &amp;#27;[0m&amp;#27;[32m&amp;#27;[1m&quot;level1&quot;&amp;#27;[0m&amp;#27;[32m user, I am logged in&amp;#27;[0m                                                             &amp;#27;[90m# step_definitions.ItemsMangement.as_a_user_i_am_logged_in(java.lang.String)&amp;#27;[0m
  &amp;#27;[32mAnd &amp;#27;[0m&amp;#27;[32mI navigate to items tap&amp;#27;[0m                                                                          &amp;#27;[90m# step_definitions.ItemsMangement.i_navigate_to_items_tap()&amp;#27;[0m
  &amp;#27;[32mWhen &amp;#27;[0m&amp;#27;[32mI click on add item button&amp;#27;[0m                                                                      &amp;#27;[90m# step_definitions.ItemsMangement.i_click_on_add_item_button()&amp;#27;[0m
  &amp;#27;[32mThen &amp;#27;[0m&amp;#27;[32mI should be on New Item  page&amp;#27;[0m                                                                   &amp;#27;[90m# step_definitions.ItemsMangement.i_should_be_on_new_item_page()&amp;#27;[0m
  &amp;#27;[32mWhen &amp;#27;[0m&amp;#27;[32mI provife item name &amp;#27;[0m&amp;#27;[32m&amp;#27;[1m&quot;coffee mug&quot;&amp;#27;[0m&amp;#27;[32m price &amp;#27;[0m&amp;#27;[32m&amp;#27;[1m&quot;1200&quot;&amp;#27;[0m&amp;#27;[32m unit &amp;#27;[0m&amp;#27;[32m&amp;#27;[1m&quot;pc&quot;&amp;#27;[0m&amp;#27;[32m and description &amp;#27;[0m&amp;#27;[32m&amp;#27;[1m&quot;very weird coffee mug&quot;&amp;#27;[0m &amp;#27;[90m# step_definitions.ItemsMangement.i_provife_item_name_price_unit_and_description(java.lang.String,java.lang.String,java.lang.String,java.lang.String)&amp;#27;[0m
  &amp;#27;[32mAnd &amp;#27;[0m&amp;#27;[32mI click Save Item button&amp;#27;[0m                                                                         &amp;#27;[90m# step_definitions.ItemsMangement.i_click_save_item_button()&amp;#27;[0m
  &amp;#27;[31mThen &amp;#27;[0m&amp;#27;[31mThe item is added to the item list table&amp;#27;[0m                                                        &amp;#27;[90m# step_definitions.ItemsMangement.the_item_is_added_to_the_item_list_table()&amp;#27;[0m
      &amp;#27;[31mjava.lang.StringIndexOutOfBoundsException: Range [0, 2) out of bounds for length 0
	at java.base/jdk.internal.util.Preconditions$1.apply(Preconditions.java:55)
	at java.base/jdk.internal.util.Preconditions$1.apply(Preconditions.java:52)
	at java.base/jdk.internal.util.Preconditions$4.apply(Preconditions.java:213)
	at java.base/jdk.internal.util.Preconditions$4.apply(Preconditions.java:210)
	at java.base/jdk.internal.util.Preconditions.outOfBounds(Preconditions.java:98)
	at java.base/jdk.internal.util.Preconditions.outOfBoundsCheckFromToIndex(Preconditions.java:112)
	at java.base/jdk.internal.util.Preconditions.checkFromToIndex(Preconditions.java:349)
	at java.base/java.lang.String.checkBoundsBeginEnd(String.java:4608)
	at java.base/java.lang.String.substring(String.java:2720)
	at step_definitions.ItemsMangement.the_item_is_added_to_the_item_list_table(ItemsMangement.java:77)
	at ✽.The item is added to the item list table(file:///C:/Users/alija/OneDrive/Desktop/prime%20Tech/PrimetechJava/CreaterFinancialBatch6/./src/test/resources/features/ItemsManagmrnt.feature:23)
&amp;#27;[0m
  &amp;#27;[36mWhen &amp;#27;[0m&amp;#27;[36mI update the item price with &amp;#27;[0m&amp;#27;[36m&amp;#27;[1m&quot;1500&quot;&amp;#27;[0m                                                             &amp;#27;[90m# step_definitions.ItemsMangement.i_update_the_item_price_with(java.lang.String)&amp;#27;[0m
  &amp;#27;[36mThen &amp;#27;[0m&amp;#27;[36mThe item is added to the item list table&amp;#27;[0m                                                        &amp;#27;[90m# step_definitions.ItemsMangement.the_item_is_added_to_the_item_list_table()&amp;#27;[0m
  &amp;#27;[36mAnd &amp;#27;[0m&amp;#27;[36mI deleted the item&amp;#27;[0m

    Embedding screenshot [image/png 141408 bytes]

</system-out>
  </testcase>
</testsuite>